<?xml version="1.0" encoding="UTF-8"?>
<testng-results ignored="0" total="2" passed="2" failed="0" skipped="0">
  <reporter-output>
  </reporter-output>
  <suite started-at="2019-08-25T11:41:00Z" name="Default suite" finished-at="2019-08-25T11:42:00Z" duration-ms="60181">
    <groups>
    </groups>
    <test started-at="2019-08-25T11:41:00Z" name="Default test" finished-at="2019-08-25T11:42:00Z" duration-ms="60181">
      <class name="ngpack.NewTest">
        <test-method signature="passParameters()[pri:0, instance:ngpack.NewTest@2893de87]" started-at="2019-08-25T11:41:00Z" name="passParameters" finished-at="2019-08-25T11:41:43Z" duration-ms="42503" status="PASS">
          <reporter-output>
          </reporter-output>
        </test-method> <!-- passParameters -->
        <test-method signature="openURLNew()[pri:0, instance:ngpack.NewTest@2893de87]" started-at="2019-08-25T11:41:43Z" name="openURLNew" finished-at="2019-08-25T11:42:00Z" depends-on-methods="ngpack.NewTest.passParameters" duration-ms="17639" status="PASS">
          <reporter-output>
          </reporter-output>
        </test-method> <!-- openURLNew -->
      </class> <!-- ngpack.NewTest -->
    </test> <!-- Default test -->
  </suite> <!-- Default suite -->
</testng-results>
